<?xml version="1.0" encoding="UTF-8"?>
<!-- Generated by org.testng.reporters.JUnitXMLReporter -->
<testsuite hostname="LAPTOP-SDLQ3M27" ignored="2" name="tests" tests="2" failures="0" timestamp="07 Apr 2021 09:22:28 GMT" time="13.701" errors="0">
  <testcase name="Test1" time="12.066" classname="dummy.blinkTest"/>
  <testcase name="Test2" time="13.677" classname="dummy.inkTest"/>
  <testcase name="Test1" time="0.0" classname="dummy.inkTest">
    <ignored/>
  </testcase> <!-- Test1 -->
  <testcase name="Test2" time="0.0" classname="dummy.blinkTest">
    <ignored/>
  </testcase> <!-- Test2 -->
</testsuite> <!-- tests -->
