<?xml version="1.0" encoding="UTF-8"?>
<testng-results ignored="0" total="1" passed="1" failed="0" skipped="0">
  <reporter-output>
  </reporter-output>
  <suite started-at="2021-08-07T06:52:26Z" name="Default suite" finished-at="2021-08-07T06:52:26Z" duration-ms="23">
    <groups>
    </groups>
    <test started-at="2021-08-07T06:52:26Z" name="Default test" finished-at="2021-08-07T06:52:26Z" duration-ms="23">
      <class name="selenium.Abc">
        <test-method signature="test()[pri:0, instance:selenium.Abc@6fd83fc1]" started-at="2021-08-07T06:52:26Z" name="test" finished-at="2021-08-07T06:52:26Z" duration-ms="7" status="PASS">
          <reporter-output>
          </reporter-output>
        </test-method> <!-- test -->
      </class> <!-- selenium.Abc -->
    </test> <!-- Default test -->
  </suite> <!-- Default suite -->
</testng-results>
